<?xml version="1.0" encoding="UTF-8"?>
<testng-results skipped="0" failed="0" ignored="0" total="1" passed="1">
  <reporter-output>
  </reporter-output>
  <suite name="Default suite" duration-ms="2179" started-at="2017-10-15T18:41:40Z" finished-at="2017-10-15T18:41:42Z">
    <groups>
    </groups>
    <test name="Default test" duration-ms="2179" started-at="2017-10-15T18:41:40Z" finished-at="2017-10-15T18:41:42Z">
      <class name="APITesting.com.org.api.PostRequest">
        <test-method status="PASS" signature="Test_05()[pri:0, instance:APITesting.com.org.api.PostRequest@3532ec19]" name="Test_05" duration-ms="2153" started-at="2017-10-16T00:11:40Z" finished-at="2017-10-16T00:11:42Z">
          <reporter-output>
          </reporter-output>
        </test-method> <!-- Test_05 -->
      </class> <!-- APITesting.com.org.api.PostRequest -->
    </test> <!-- Default test -->
  </suite> <!-- Default suite -->
</testng-results>
